2021-04-27 19:34:46 [::1][100][nsbjbksoftrrv5kj51e9va8dg6][error][yii\web\HttpException:405] yii\web\MethodNotAllowedHttpException: Method Not Allowed. This URL can only handle the following request methods: POST. in C:\xampp\htdocs\beadando\vendor\yiisoft\yii2\filters\VerbFilter.php:105
Stack trace:
#0 [internal function]: yii\filters\VerbFilter->beforeAction(Object(yii\base\ActionEvent))
#1 C:\xampp\htdocs\beadando\vendor\yiisoft\yii2\base\Component.php(628): call_user_func(Array, Object(yii\base\ActionEvent))
#2 C:\xampp\htdocs\beadando\vendor\yiisoft\yii2\base\Controller.php(300): yii\base\Component->trigger('beforeAction', Object(yii\base\ActionEvent))
#3 C:\xampp\htdocs\beadando\vendor\yiisoft\yii2\web\Controller.php(214): yii\base\Controller->beforeAction(Object(yii\base\InlineAction))
#4 C:\xampp\htdocs\beadando\vendor\yiisoft\yii2\base\Controller.php(179): yii\web\Controller->beforeAction(Object(yii\base\InlineAction))
#5 C:\xampp\htdocs\beadando\vendor\yiisoft\yii2\base\Module.php(534): yii\base\Controller->runAction('logout', Array)
#6 C:\xampp\htdocs\beadando\vendor\yiisoft\yii2\web\Application.php(104): yii\base\Module->runAction('site/logout', Array)
#7 C:\xampp\htdocs\beadando\vendor\yiisoft\yii2\base\Application.php(392): yii\web\Application->handleRequest(Object(yii\web\Request))
#8 C:\xampp\htdocs\beadando\web\index.php(12): yii\base\Application->run()
#9 {main}
2021-04-27 19:34:45 [::1][100][nsbjbksoftrrv5kj51e9va8dg6][info][application] $_GET = [
    'r' => 'site/logout'
]

$_POST = []

$_FILES = []

$_COOKIE = [
    'Webstorm-1882cdf9' => '7b855273-55a5-4726-aa40-2b4d3e99cce7'
    'PHPSESSID' => 'nsbjbksoftrrv5kj51e9va8dg6'
    '_identity' => '79cbc3c717a8fc7e7e69b6f08743474df57f9eaf4a33ed64b65c8a3a7990e7ffa:2:{i:0;s:9:\"_identity\";i:1;s:28:\"[\"100\",\"test100key\",2592000]\";}'
    '_csrf' => '0ab42f9cbeda86718b921a6f032ff79b45de36112f14032055bd851a9aff7ef6a:2:{i:0;s:5:\"_csrf\";i:1;s:32:\"oLiy9OiL6zPuqSaE2kx5S7MHaA93gYrK\";}'
]

$_SESSION = [
    '__flash' => []
    '__id' => '100'
    '__authKey' => 'test100key'
]

$_SERVER = [
    'MIBDIRS' => 'C:/xampp/php/extras/mibs'
    'MYSQL_HOME' => '\\xampp\\mysql\\bin'
    'OPENSSL_CONF' => 'C:/xampp/apache/bin/openssl.cnf'
    'PHP_PEAR_SYSCONF_DIR' => '\\xampp\\php'
    'PHPRC' => '\\xampp\\php'
    'TMP' => '\\xampp\\tmp'
    'HTTP_HOST' => 'localhost'
    'HTTP_CONNECTION' => 'keep-alive'
    'HTTP_SEC_CH_UA' => '\"Google Chrome\";v=\"89\", \"Chromium\";v=\"89\", \";Not A Brand\";v=\"99\"'
    'HTTP_SEC_CH_UA_MOBILE' => '?0'
    'HTTP_UPGRADE_INSECURE_REQUESTS' => '1'
    'HTTP_USER_AGENT' => 'Mozilla/5.0 (Windows NT 10.0; Win64; x64) AppleWebKit/537.36 (KHTML, like Gecko) Chrome/89.0.4389.128 Safari/537.36'
    'HTTP_ACCEPT' => 'text/html,application/xhtml+xml,application/xml;q=0.9,image/avif,image/webp,image/apng,*/*;q=0.8,application/signed-exchange;v=b3;q=0.9'
    'HTTP_SEC_FETCH_SITE' => 'same-origin'
    'HTTP_SEC_FETCH_MODE' => 'navigate'
    'HTTP_SEC_FETCH_USER' => '?1'
    'HTTP_SEC_FETCH_DEST' => 'document'
    'HTTP_REFERER' => 'http://localhost/beadando/web/index.php?r=racemember%2Fcreate&race=1'
    'HTTP_ACCEPT_ENCODING' => 'gzip, deflate, br'
    'HTTP_ACCEPT_LANGUAGE' => 'hu-HU,hu;q=0.9,en-US;q=0.8,en;q=0.7'
    'HTTP_COOKIE' => 'Webstorm-1882cdf9=7b855273-55a5-4726-aa40-2b4d3e99cce7; PHPSESSID=nsbjbksoftrrv5kj51e9va8dg6; _identity=79cbc3c717a8fc7e7e69b6f08743474df57f9eaf4a33ed64b65c8a3a7990e7ffa%3A2%3A%7Bi%3A0%3Bs%3A9%3A%22_identity%22%3Bi%3A1%3Bs%3A28%3A%22%5B%22100%22%2C%22test100key%22%2C2592000%5D%22%3B%7D; _csrf=0ab42f9cbeda86718b921a6f032ff79b45de36112f14032055bd851a9aff7ef6a%3A2%3A%7Bi%3A0%3Bs%3A5%3A%22_csrf%22%3Bi%3A1%3Bs%3A32%3A%22oLiy9OiL6zPuqSaE2kx5S7MHaA93gYrK%22%3B%7D'
    'PATH' => 'C:\\Program Files (x86)\\Common Files\\Oracle\\Java\\javapath;C:\\Program Files (x86)\\NVIDIA Corporation\\PhysX\\Common;C:\\WINDOWS\\system32;C:\\WINDOWS;C:\\WINDOWS\\System32\\Wbem;C:\\WINDOWS\\System32\\WindowsPowerShell\\v1.0\\;C:\\WINDOWS\\System32\\OpenSSH\\;C:\\Program Files (x86)\\AMD\\ATI.ACE\\Core-Static;C:\\Program Files\\Git\\cmd;C:\\Program Files\\Microsoft SQL Server\\130\\Tools\\Binn\\;C:\\Program Files\\Microsoft SQL Server\\Client SDK\\ODBC\\170\\Tools\\Binn\\;C:\\Program Files\\dotnet\\;C:\\Program Files\\Zulu\\zulu-14\\bin\\;C:\\Program Files\\PuTTY\\;C:\\Program Files\\nodejs\\;C:\\wamp64\\bin\\php\\php7.4.0;C:\\Users\\bharc\\composer.phar;C:\\Users\\bharc\\AppData\\Local\\Microsoft\\WindowsApps;C:\\Users\\bharc\\AppData\\Local\\Programs\\Microsoft VS Code\\bin;C:\\Program Files (x86)\\FAHClient;C:\\Users\\bharc\\AppData\\Local\\atom\\bin;C:\\Users\\bharc\\AppData\\Roaming\\npm;C:\\Users\\bharc\\.dotnet\\tools;C:\\Users\\bharc\\AppData\\Local\\Microsoft\\WindowsApps'
    'SystemRoot' => 'C:\\WINDOWS'
    'COMSPEC' => 'C:\\WINDOWS\\system32\\cmd.exe'
    'PATHEXT' => '.COM;.EXE;.BAT;.CMD;.VBS;.VBE;.JS;.JSE;.WSF;.WSH;.MSC'
    'WINDIR' => 'C:\\WINDOWS'
    'SERVER_SIGNATURE' => '<address>Apache/2.4.46 (Win64) OpenSSL/1.1.1j PHP/7.3.27 Server at localhost Port 80</address>
'
    'SERVER_SOFTWARE' => 'Apache/2.4.46 (Win64) OpenSSL/1.1.1j PHP/7.3.27'
    'SERVER_NAME' => 'localhost'
    'SERVER_ADDR' => '::1'
    'SERVER_PORT' => '80'
    'REMOTE_ADDR' => '::1'
    'DOCUMENT_ROOT' => 'C:/xampp/htdocs'
    'REQUEST_SCHEME' => 'http'
    'CONTEXT_PREFIX' => ''
    'CONTEXT_DOCUMENT_ROOT' => 'C:/xampp/htdocs'
    'SERVER_ADMIN' => 'postmaster@localhost'
    'SCRIPT_FILENAME' => 'C:/xampp/htdocs/beadando/web/index.php'
    'REMOTE_PORT' => '52034'
    'GATEWAY_INTERFACE' => 'CGI/1.1'
    'SERVER_PROTOCOL' => 'HTTP/1.1'
    'REQUEST_METHOD' => 'GET'
    'QUERY_STRING' => 'r=site%2Flogout'
    'REQUEST_URI' => '/beadando/web/index.php?r=site%2Flogout'
    'SCRIPT_NAME' => '/beadando/web/index.php'
    'PHP_SELF' => '/beadando/web/index.php'
    'REQUEST_TIME_FLOAT' => 1619544885.9802
    'REQUEST_TIME' => 1619544885
]
2021-04-27 19:34:53 [::1][100][nsbjbksoftrrv5kj51e9va8dg6][error][yii\web\HttpException:405] yii\web\MethodNotAllowedHttpException: Method Not Allowed. This URL can only handle the following request methods: POST. in C:\xampp\htdocs\beadando\vendor\yiisoft\yii2\filters\VerbFilter.php:105
Stack trace:
#0 [internal function]: yii\filters\VerbFilter->beforeAction(Object(yii\base\ActionEvent))
#1 C:\xampp\htdocs\beadando\vendor\yiisoft\yii2\base\Component.php(628): call_user_func(Array, Object(yii\base\ActionEvent))
#2 C:\xampp\htdocs\beadando\vendor\yiisoft\yii2\base\Controller.php(300): yii\base\Component->trigger('beforeAction', Object(yii\base\ActionEvent))
#3 C:\xampp\htdocs\beadando\vendor\yiisoft\yii2\web\Controller.php(214): yii\base\Controller->beforeAction(Object(yii\base\InlineAction))
#4 C:\xampp\htdocs\beadando\vendor\yiisoft\yii2\base\Controller.php(179): yii\web\Controller->beforeAction(Object(yii\base\InlineAction))
#5 C:\xampp\htdocs\beadando\vendor\yiisoft\yii2\base\Module.php(534): yii\base\Controller->runAction('logout', Array)
#6 C:\xampp\htdocs\beadando\vendor\yiisoft\yii2\web\Application.php(104): yii\base\Module->runAction('site/logout', Array)
#7 C:\xampp\htdocs\beadando\vendor\yiisoft\yii2\base\Application.php(392): yii\web\Application->handleRequest(Object(yii\web\Request))
#8 C:\xampp\htdocs\beadando\web\index.php(12): yii\base\Application->run()
#9 {main}
2021-04-27 19:34:53 [::1][100][nsbjbksoftrrv5kj51e9va8dg6][info][application] $_GET = [
    'r' => 'site/logout'
]

$_POST = []

$_FILES = []

$_COOKIE = [
    'Webstorm-1882cdf9' => '7b855273-55a5-4726-aa40-2b4d3e99cce7'
    'PHPSESSID' => 'nsbjbksoftrrv5kj51e9va8dg6'
    '_identity' => '79cbc3c717a8fc7e7e69b6f08743474df57f9eaf4a33ed64b65c8a3a7990e7ffa:2:{i:0;s:9:\"_identity\";i:1;s:28:\"[\"100\",\"test100key\",2592000]\";}'
    '_csrf' => '0ab42f9cbeda86718b921a6f032ff79b45de36112f14032055bd851a9aff7ef6a:2:{i:0;s:5:\"_csrf\";i:1;s:32:\"oLiy9OiL6zPuqSaE2kx5S7MHaA93gYrK\";}'
]

$_SESSION = [
    '__flash' => []
    '__id' => '100'
    '__authKey' => 'test100key'
]

$_SERVER = [
    'MIBDIRS' => 'C:/xampp/php/extras/mibs'
    'MYSQL_HOME' => '\\xampp\\mysql\\bin'
    'OPENSSL_CONF' => 'C:/xampp/apache/bin/openssl.cnf'
    'PHP_PEAR_SYSCONF_DIR' => '\\xampp\\php'
    'PHPRC' => '\\xampp\\php'
    'TMP' => '\\xampp\\tmp'
    'HTTP_HOST' => 'localhost'
    'HTTP_CONNECTION' => 'keep-alive'
    'HTTP_SEC_CH_UA' => '\"Google Chrome\";v=\"89\", \"Chromium\";v=\"89\", \";Not A Brand\";v=\"99\"'
    'HTTP_SEC_CH_UA_MOBILE' => '?0'
    'HTTP_UPGRADE_INSECURE_REQUESTS' => '1'
    'HTTP_USER_AGENT' => 'Mozilla/5.0 (Windows NT 10.0; Win64; x64) AppleWebKit/537.36 (KHTML, like Gecko) Chrome/89.0.4389.128 Safari/537.36'
    'HTTP_ACCEPT' => 'text/html,application/xhtml+xml,application/xml;q=0.9,image/avif,image/webp,image/apng,*/*;q=0.8,application/signed-exchange;v=b3;q=0.9'
    'HTTP_SEC_FETCH_SITE' => 'same-origin'
    'HTTP_SEC_FETCH_MODE' => 'navigate'
    'HTTP_SEC_FETCH_USER' => '?1'
    'HTTP_SEC_FETCH_DEST' => 'document'
    'HTTP_REFERER' => 'http://localhost/beadando/web/index.php?r=site%2Flogout'
    'HTTP_ACCEPT_ENCODING' => 'gzip, deflate, br'
    'HTTP_ACCEPT_LANGUAGE' => 'hu-HU,hu;q=0.9,en-US;q=0.8,en;q=0.7'
    'HTTP_COOKIE' => 'Webstorm-1882cdf9=7b855273-55a5-4726-aa40-2b4d3e99cce7; PHPSESSID=nsbjbksoftrrv5kj51e9va8dg6; _identity=79cbc3c717a8fc7e7e69b6f08743474df57f9eaf4a33ed64b65c8a3a7990e7ffa%3A2%3A%7Bi%3A0%3Bs%3A9%3A%22_identity%22%3Bi%3A1%3Bs%3A28%3A%22%5B%22100%22%2C%22test100key%22%2C2592000%5D%22%3B%7D; _csrf=0ab42f9cbeda86718b921a6f032ff79b45de36112f14032055bd851a9aff7ef6a%3A2%3A%7Bi%3A0%3Bs%3A5%3A%22_csrf%22%3Bi%3A1%3Bs%3A32%3A%22oLiy9OiL6zPuqSaE2kx5S7MHaA93gYrK%22%3B%7D'
    'PATH' => 'C:\\Program Files (x86)\\Common Files\\Oracle\\Java\\javapath;C:\\Program Files (x86)\\NVIDIA Corporation\\PhysX\\Common;C:\\WINDOWS\\system32;C:\\WINDOWS;C:\\WINDOWS\\System32\\Wbem;C:\\WINDOWS\\System32\\WindowsPowerShell\\v1.0\\;C:\\WINDOWS\\System32\\OpenSSH\\;C:\\Program Files (x86)\\AMD\\ATI.ACE\\Core-Static;C:\\Program Files\\Git\\cmd;C:\\Program Files\\Microsoft SQL Server\\130\\Tools\\Binn\\;C:\\Program Files\\Microsoft SQL Server\\Client SDK\\ODBC\\170\\Tools\\Binn\\;C:\\Program Files\\dotnet\\;C:\\Program Files\\Zulu\\zulu-14\\bin\\;C:\\Program Files\\PuTTY\\;C:\\Program Files\\nodejs\\;C:\\wamp64\\bin\\php\\php7.4.0;C:\\Users\\bharc\\composer.phar;C:\\Users\\bharc\\AppData\\Local\\Microsoft\\WindowsApps;C:\\Users\\bharc\\AppData\\Local\\Programs\\Microsoft VS Code\\bin;C:\\Program Files (x86)\\FAHClient;C:\\Users\\bharc\\AppData\\Local\\atom\\bin;C:\\Users\\bharc\\AppData\\Roaming\\npm;C:\\Users\\bharc\\.dotnet\\tools;C:\\Users\\bharc\\AppData\\Local\\Microsoft\\WindowsApps'
    'SystemRoot' => 'C:\\WINDOWS'
    'COMSPEC' => 'C:\\WINDOWS\\system32\\cmd.exe'
    'PATHEXT' => '.COM;.EXE;.BAT;.CMD;.VBS;.VBE;.JS;.JSE;.WSF;.WSH;.MSC'
    'WINDIR' => 'C:\\WINDOWS'
    'SERVER_SIGNATURE' => '<address>Apache/2.4.46 (Win64) OpenSSL/1.1.1j PHP/7.3.27 Server at localhost Port 80</address>
'
    'SERVER_SOFTWARE' => 'Apache/2.4.46 (Win64) OpenSSL/1.1.1j PHP/7.3.27'
    'SERVER_NAME' => 'localhost'
    'SERVER_ADDR' => '::1'
    'SERVER_PORT' => '80'
    'REMOTE_ADDR' => '::1'
    'DOCUMENT_ROOT' => 'C:/xampp/htdocs'
    'REQUEST_SCHEME' => 'http'
    'CONTEXT_PREFIX' => ''
    'CONTEXT_DOCUMENT_ROOT' => 'C:/xampp/htdocs'
    'SERVER_ADMIN' => 'postmaster@localhost'
    'SCRIPT_FILENAME' => 'C:/xampp/htdocs/beadando/web/index.php'
    'REMOTE_PORT' => '52049'
    'GATEWAY_INTERFACE' => 'CGI/1.1'
    'SERVER_PROTOCOL' => 'HTTP/1.1'
    'REQUEST_METHOD' => 'GET'
    'QUERY_STRING' => 'r=site%2Flogout'
    'REQUEST_URI' => '/beadando/web/index.php?r=site%2Flogout'
    'SCRIPT_NAME' => '/beadando/web/index.php'
    'PHP_SELF' => '/beadando/web/index.php'
    'REQUEST_TIME_FLOAT' => 1619544893.604
    'REQUEST_TIME' => 1619544893
]
2021-04-27 19:35:18 [::1][-][35498u5en42ud3dcdn6a6i547s][error][Error] Error: Call to undefined function app\controllers\isEmpty() in C:\xampp\htdocs\beadando\controllers\RacememberController.php:73
Stack trace:
#0 [internal function]: app\controllers\RacememberController->actionCreate()
#1 C:\xampp\htdocs\beadando\vendor\yiisoft\yii2\base\InlineAction.php(57): call_user_func_array(Array, Array)
#2 C:\xampp\htdocs\beadando\vendor\yiisoft\yii2\base\Controller.php(181): yii\base\InlineAction->runWithParams(Array)
#3 C:\xampp\htdocs\beadando\vendor\yiisoft\yii2\base\Module.php(534): yii\base\Controller->runAction('create', Array)
#4 C:\xampp\htdocs\beadando\vendor\yiisoft\yii2\web\Application.php(104): yii\base\Module->runAction('racemember/crea...', Array)
#5 C:\xampp\htdocs\beadando\vendor\yiisoft\yii2\base\Application.php(392): yii\web\Application->handleRequest(Object(yii\web\Request))
#6 C:\xampp\htdocs\beadando\web\index.php(12): yii\base\Application->run()
#7 {main}
2021-04-27 19:35:17 [::1][-][35498u5en42ud3dcdn6a6i547s][info][application] $_GET = [
    'r' => 'racemember/create'
    'race' => '1'
]

$_POST = []

$_FILES = []

$_COOKIE = [
    'Webstorm-1882cdf9' => '7b855273-55a5-4726-aa40-2b4d3e99cce7'
    '_csrf' => '0ab42f9cbeda86718b921a6f032ff79b45de36112f14032055bd851a9aff7ef6a:2:{i:0;s:5:\"_csrf\";i:1;s:32:\"oLiy9OiL6zPuqSaE2kx5S7MHaA93gYrK\";}'
    'PHPSESSID' => '35498u5en42ud3dcdn6a6i547s'
]

$_SESSION = [
    '__flash' => []
]

$_SERVER = [
    'MIBDIRS' => 'C:/xampp/php/extras/mibs'
    'MYSQL_HOME' => '\\xampp\\mysql\\bin'
    'OPENSSL_CONF' => 'C:/xampp/apache/bin/openssl.cnf'
    'PHP_PEAR_SYSCONF_DIR' => '\\xampp\\php'
    'PHPRC' => '\\xampp\\php'
    'TMP' => '\\xampp\\tmp'
    'HTTP_HOST' => 'localhost'
    'HTTP_CONNECTION' => 'keep-alive'
    'HTTP_SEC_CH_UA' => '\"Google Chrome\";v=\"89\", \"Chromium\";v=\"89\", \";Not A Brand\";v=\"99\"'
    'HTTP_SEC_CH_UA_MOBILE' => '?0'
    'HTTP_UPGRADE_INSECURE_REQUESTS' => '1'
    'HTTP_USER_AGENT' => 'Mozilla/5.0 (Windows NT 10.0; Win64; x64) AppleWebKit/537.36 (KHTML, like Gecko) Chrome/89.0.4389.128 Safari/537.36'
    'HTTP_ACCEPT' => 'text/html,application/xhtml+xml,application/xml;q=0.9,image/avif,image/webp,image/apng,*/*;q=0.8,application/signed-exchange;v=b3;q=0.9'
    'HTTP_SEC_FETCH_SITE' => 'same-origin'
    'HTTP_SEC_FETCH_MODE' => 'navigate'
    'HTTP_SEC_FETCH_USER' => '?1'
    'HTTP_SEC_FETCH_DEST' => 'document'
    'HTTP_REFERER' => 'http://localhost/beadando/web/index.php?r=race%2Fview&id=1'
    'HTTP_ACCEPT_ENCODING' => 'gzip, deflate, br'
    'HTTP_ACCEPT_LANGUAGE' => 'hu-HU,hu;q=0.9,en-US;q=0.8,en;q=0.7'
    'HTTP_COOKIE' => 'Webstorm-1882cdf9=7b855273-55a5-4726-aa40-2b4d3e99cce7; _csrf=0ab42f9cbeda86718b921a6f032ff79b45de36112f14032055bd851a9aff7ef6a%3A2%3A%7Bi%3A0%3Bs%3A5%3A%22_csrf%22%3Bi%3A1%3Bs%3A32%3A%22oLiy9OiL6zPuqSaE2kx5S7MHaA93gYrK%22%3B%7D; PHPSESSID=35498u5en42ud3dcdn6a6i547s'
    'PATH' => 'C:\\Program Files (x86)\\Common Files\\Oracle\\Java\\javapath;C:\\Program Files (x86)\\NVIDIA Corporation\\PhysX\\Common;C:\\WINDOWS\\system32;C:\\WINDOWS;C:\\WINDOWS\\System32\\Wbem;C:\\WINDOWS\\System32\\WindowsPowerShell\\v1.0\\;C:\\WINDOWS\\System32\\OpenSSH\\;C:\\Program Files (x86)\\AMD\\ATI.ACE\\Core-Static;C:\\Program Files\\Git\\cmd;C:\\Program Files\\Microsoft SQL Server\\130\\Tools\\Binn\\;C:\\Program Files\\Microsoft SQL Server\\Client SDK\\ODBC\\170\\Tools\\Binn\\;C:\\Program Files\\dotnet\\;C:\\Program Files\\Zulu\\zulu-14\\bin\\;C:\\Program Files\\PuTTY\\;C:\\Program Files\\nodejs\\;C:\\wamp64\\bin\\php\\php7.4.0;C:\\Users\\bharc\\composer.phar;C:\\Users\\bharc\\AppData\\Local\\Microsoft\\WindowsApps;C:\\Users\\bharc\\AppData\\Local\\Programs\\Microsoft VS Code\\bin;C:\\Program Files (x86)\\FAHClient;C:\\Users\\bharc\\AppData\\Local\\atom\\bin;C:\\Users\\bharc\\AppData\\Roaming\\npm;C:\\Users\\bharc\\.dotnet\\tools;C:\\Users\\bharc\\AppData\\Local\\Microsoft\\WindowsApps'
    'SystemRoot' => 'C:\\WINDOWS'
    'COMSPEC' => 'C:\\WINDOWS\\system32\\cmd.exe'
    'PATHEXT' => '.COM;.EXE;.BAT;.CMD;.VBS;.VBE;.JS;.JSE;.WSF;.WSH;.MSC'
    'WINDIR' => 'C:\\WINDOWS'
    'SERVER_SIGNATURE' => '<address>Apache/2.4.46 (Win64) OpenSSL/1.1.1j PHP/7.3.27 Server at localhost Port 80</address>
'
    'SERVER_SOFTWARE' => 'Apache/2.4.46 (Win64) OpenSSL/1.1.1j PHP/7.3.27'
    'SERVER_NAME' => 'localhost'
    'SERVER_ADDR' => '::1'
    'SERVER_PORT' => '80'
    'REMOTE_ADDR' => '::1'
    'DOCUMENT_ROOT' => 'C:/xampp/htdocs'
    'REQUEST_SCHEME' => 'http'
    'CONTEXT_PREFIX' => ''
    'CONTEXT_DOCUMENT_ROOT' => 'C:/xampp/htdocs'
    'SERVER_ADMIN' => 'postmaster@localhost'
    'SCRIPT_FILENAME' => 'C:/xampp/htdocs/beadando/web/index.php'
    'REMOTE_PORT' => '52050'
    'GATEWAY_INTERFACE' => 'CGI/1.1'
    'SERVER_PROTOCOL' => 'HTTP/1.1'
    'REQUEST_METHOD' => 'GET'
    'QUERY_STRING' => 'r=racemember%2Fcreate&race=1'
    'REQUEST_URI' => '/beadando/web/index.php?r=racemember%2Fcreate&race=1'
    'SCRIPT_NAME' => '/beadando/web/index.php'
    'PHP_SELF' => '/beadando/web/index.php'
    'REQUEST_TIME_FLOAT' => 1619544917.975
    'REQUEST_TIME' => 1619544917
]
2021-04-27 19:35:41 [::1][-][35498u5en42ud3dcdn6a6i547s][error][Error] Error: Call to undefined function app\controllers\is_empty() in C:\xampp\htdocs\beadando\controllers\RacememberController.php:73
Stack trace:
#0 [internal function]: app\controllers\RacememberController->actionCreate()
#1 C:\xampp\htdocs\beadando\vendor\yiisoft\yii2\base\InlineAction.php(57): call_user_func_array(Array, Array)
#2 C:\xampp\htdocs\beadando\vendor\yiisoft\yii2\base\Controller.php(181): yii\base\InlineAction->runWithParams(Array)
#3 C:\xampp\htdocs\beadando\vendor\yiisoft\yii2\base\Module.php(534): yii\base\Controller->runAction('create', Array)
#4 C:\xampp\htdocs\beadando\vendor\yiisoft\yii2\web\Application.php(104): yii\base\Module->runAction('racemember/crea...', Array)
#5 C:\xampp\htdocs\beadando\vendor\yiisoft\yii2\base\Application.php(392): yii\web\Application->handleRequest(Object(yii\web\Request))
#6 C:\xampp\htdocs\beadando\web\index.php(12): yii\base\Application->run()
#7 {main}
2021-04-27 19:35:41 [::1][-][35498u5en42ud3dcdn6a6i547s][info][application] $_GET = [
    'r' => 'racemember/create'
    'race' => '1'
]

$_POST = []

$_FILES = []

$_COOKIE = [
    'Webstorm-1882cdf9' => '7b855273-55a5-4726-aa40-2b4d3e99cce7'
    '_csrf' => '0ab42f9cbeda86718b921a6f032ff79b45de36112f14032055bd851a9aff7ef6a:2:{i:0;s:5:\"_csrf\";i:1;s:32:\"oLiy9OiL6zPuqSaE2kx5S7MHaA93gYrK\";}'
    'PHPSESSID' => '35498u5en42ud3dcdn6a6i547s'
]

$_SESSION = [
    '__flash' => []
]

$_SERVER = [
    'MIBDIRS' => 'C:/xampp/php/extras/mibs'
    'MYSQL_HOME' => '\\xampp\\mysql\\bin'
    'OPENSSL_CONF' => 'C:/xampp/apache/bin/openssl.cnf'
    'PHP_PEAR_SYSCONF_DIR' => '\\xampp\\php'
    'PHPRC' => '\\xampp\\php'
    'TMP' => '\\xampp\\tmp'
    'HTTP_HOST' => 'localhost'
    'HTTP_CONNECTION' => 'keep-alive'
    'HTTP_CACHE_CONTROL' => 'max-age=0'
    'HTTP_SEC_CH_UA' => '\"Google Chrome\";v=\"89\", \"Chromium\";v=\"89\", \";Not A Brand\";v=\"99\"'
    'HTTP_SEC_CH_UA_MOBILE' => '?0'
    'HTTP_UPGRADE_INSECURE_REQUESTS' => '1'
    'HTTP_USER_AGENT' => 'Mozilla/5.0 (Windows NT 10.0; Win64; x64) AppleWebKit/537.36 (KHTML, like Gecko) Chrome/89.0.4389.128 Safari/537.36'
    'HTTP_ACCEPT' => 'text/html,application/xhtml+xml,application/xml;q=0.9,image/avif,image/webp,image/apng,*/*;q=0.8,application/signed-exchange;v=b3;q=0.9'
    'HTTP_SEC_FETCH_SITE' => 'same-origin'
    'HTTP_SEC_FETCH_MODE' => 'navigate'
    'HTTP_SEC_FETCH_USER' => '?1'
    'HTTP_SEC_FETCH_DEST' => 'document'
    'HTTP_REFERER' => 'http://localhost/beadando/web/index.php?r=race%2Fview&id=1'
    'HTTP_ACCEPT_ENCODING' => 'gzip, deflate, br'
    'HTTP_ACCEPT_LANGUAGE' => 'hu-HU,hu;q=0.9,en-US;q=0.8,en;q=0.7'
    'HTTP_COOKIE' => 'Webstorm-1882cdf9=7b855273-55a5-4726-aa40-2b4d3e99cce7; _csrf=0ab42f9cbeda86718b921a6f032ff79b45de36112f14032055bd851a9aff7ef6a%3A2%3A%7Bi%3A0%3Bs%3A5%3A%22_csrf%22%3Bi%3A1%3Bs%3A32%3A%22oLiy9OiL6zPuqSaE2kx5S7MHaA93gYrK%22%3B%7D; PHPSESSID=35498u5en42ud3dcdn6a6i547s'
    'PATH' => 'C:\\Program Files (x86)\\Common Files\\Oracle\\Java\\javapath;C:\\Program Files (x86)\\NVIDIA Corporation\\PhysX\\Common;C:\\WINDOWS\\system32;C:\\WINDOWS;C:\\WINDOWS\\System32\\Wbem;C:\\WINDOWS\\System32\\WindowsPowerShell\\v1.0\\;C:\\WINDOWS\\System32\\OpenSSH\\;C:\\Program Files (x86)\\AMD\\ATI.ACE\\Core-Static;C:\\Program Files\\Git\\cmd;C:\\Program Files\\Microsoft SQL Server\\130\\Tools\\Binn\\;C:\\Program Files\\Microsoft SQL Server\\Client SDK\\ODBC\\170\\Tools\\Binn\\;C:\\Program Files\\dotnet\\;C:\\Program Files\\Zulu\\zulu-14\\bin\\;C:\\Program Files\\PuTTY\\;C:\\Program Files\\nodejs\\;C:\\wamp64\\bin\\php\\php7.4.0;C:\\Users\\bharc\\composer.phar;C:\\Users\\bharc\\AppData\\Local\\Microsoft\\WindowsApps;C:\\Users\\bharc\\AppData\\Local\\Programs\\Microsoft VS Code\\bin;C:\\Program Files (x86)\\FAHClient;C:\\Users\\bharc\\AppData\\Local\\atom\\bin;C:\\Users\\bharc\\AppData\\Roaming\\npm;C:\\Users\\bharc\\.dotnet\\tools;C:\\Users\\bharc\\AppData\\Local\\Microsoft\\WindowsApps'
    'SystemRoot' => 'C:\\WINDOWS'
    'COMSPEC' => 'C:\\WINDOWS\\system32\\cmd.exe'
    'PATHEXT' => '.COM;.EXE;.BAT;.CMD;.VBS;.VBE;.JS;.JSE;.WSF;.WSH;.MSC'
    'WINDIR' => 'C:\\WINDOWS'
    'SERVER_SIGNATURE' => '<address>Apache/2.4.46 (Win64) OpenSSL/1.1.1j PHP/7.3.27 Server at localhost Port 80</address>
'
    'SERVER_SOFTWARE' => 'Apache/2.4.46 (Win64) OpenSSL/1.1.1j PHP/7.3.27'
    'SERVER_NAME' => 'localhost'
    'SERVER_ADDR' => '::1'
    'SERVER_PORT' => '80'
    'REMOTE_ADDR' => '::1'
    'DOCUMENT_ROOT' => 'C:/xampp/htdocs'
    'REQUEST_SCHEME' => 'http'
    'CONTEXT_PREFIX' => ''
    'CONTEXT_DOCUMENT_ROOT' => 'C:/xampp/htdocs'
    'SERVER_ADMIN' => 'postmaster@localhost'
    'SCRIPT_FILENAME' => 'C:/xampp/htdocs/beadando/web/index.php'
    'REMOTE_PORT' => '52098'
    'GATEWAY_INTERFACE' => 'CGI/1.1'
    'SERVER_PROTOCOL' => 'HTTP/1.1'
    'REQUEST_METHOD' => 'GET'
    'QUERY_STRING' => 'r=racemember%2Fcreate&race=1'
    'REQUEST_URI' => '/beadando/web/index.php?r=racemember%2Fcreate&race=1'
    'SCRIPT_NAME' => '/beadando/web/index.php'
    'PHP_SELF' => '/beadando/web/index.php'
    'REQUEST_TIME_FLOAT' => 1619544941.2592
    'REQUEST_TIME' => 1619544941
]
2021-04-27 20:57:24 [::1][100][4abu21ddc6989kjv9b0c19ip2q][error][ParseError] ParseError: syntax error, unexpected ')' in C:\xampp\htdocs\beadando\controllers\UserController.php:78
Stack trace:
#0 [internal function]: yii\BaseYii::autoload('app\\controllers...')
#1 [internal function]: spl_autoload_call('app\\controllers...')
#2 C:\xampp\htdocs\beadando\vendor\yiisoft\yii2\base\Module.php(643): class_exists('app\\controllers...')
#3 C:\xampp\htdocs\beadando\vendor\yiisoft\yii2\base\Module.php(602): yii\base\Module->createControllerByID('user')
#4 C:\xampp\htdocs\beadando\vendor\yiisoft\yii2\base\Module.php(528): yii\base\Module->createController('create')
#5 C:\xampp\htdocs\beadando\vendor\yiisoft\yii2\web\Application.php(104): yii\base\Module->runAction('user/create', Array)
#6 C:\xampp\htdocs\beadando\vendor\yiisoft\yii2\base\Application.php(392): yii\web\Application->handleRequest(Object(yii\web\Request))
#7 C:\xampp\htdocs\beadando\web\index.php(12): yii\base\Application->run()
#8 {main}
2021-04-27 20:57:24 [::1][100][4abu21ddc6989kjv9b0c19ip2q][info][application] $_GET = [
    'r' => 'user/create'
]

$_POST = [
    '_csrf' => 'UWgw9qIskVV3JyWEUqD9KwQjI9puny41OZ364x7jUX04DGepzVu8Ey1QerE0_45dYWJHsQjvGWZz8L2aapIHSA=='
    'User2' => [
        'email' => 'asd@asd.hu2'
        'password' => 'EdA5Aydn'
        'full_name' => 'adwawdawd'
        'username' => 'awdawdawd'
    ]
]

$_FILES = []

$_COOKIE = [
    'Webstorm-1882cdf9' => '7b855273-55a5-4726-aa40-2b4d3e99cce7'
    'PHPSESSID' => '4abu21ddc6989kjv9b0c19ip2q'
    '_identity' => '79cbc3c717a8fc7e7e69b6f08743474df57f9eaf4a33ed64b65c8a3a7990e7ffa:2:{i:0;s:9:\"_identity\";i:1;s:28:\"[\"100\",\"test100key\",2592000]\";}'
    '_csrf' => '94faa16530a345df2280c6881c6e5cfec37653cc6f225ec0a65d182d162e9a42a:2:{i:0;s:5:\"_csrf\";i:1;s:32:\"idW_ow-FZw_5f_sveAdkfp7SJmGytqV5\";}'
]

$_SESSION = [
    '__flash' => []
    '__id' => '100'
    '__authKey' => 'test100key'
]

$_SERVER = [
    'MIBDIRS' => 'C:/xampp/php/extras/mibs'
    'MYSQL_HOME' => '\\xampp\\mysql\\bin'
    'OPENSSL_CONF' => 'C:/xampp/apache/bin/openssl.cnf'
    'PHP_PEAR_SYSCONF_DIR' => '\\xampp\\php'
    'PHPRC' => '\\xampp\\php'
    'TMP' => '\\xampp\\tmp'
    'HTTP_HOST' => 'localhost'
    'HTTP_CONNECTION' => 'keep-alive'
    'CONTENT_LENGTH' => '219'
    'HTTP_CACHE_CONTROL' => 'max-age=0'
    'HTTP_SEC_CH_UA' => '\"Google Chrome\";v=\"89\", \"Chromium\";v=\"89\", \";Not A Brand\";v=\"99\"'
    'HTTP_SEC_CH_UA_MOBILE' => '?0'
    'HTTP_UPGRADE_INSECURE_REQUESTS' => '1'
    'HTTP_ORIGIN' => 'http://localhost'
    'CONTENT_TYPE' => 'application/x-www-form-urlencoded'
    'HTTP_USER_AGENT' => 'Mozilla/5.0 (Windows NT 10.0; Win64; x64) AppleWebKit/537.36 (KHTML, like Gecko) Chrome/89.0.4389.128 Safari/537.36'
    'HTTP_ACCEPT' => 'text/html,application/xhtml+xml,application/xml;q=0.9,image/avif,image/webp,image/apng,*/*;q=0.8,application/signed-exchange;v=b3;q=0.9'
    'HTTP_SEC_FETCH_SITE' => 'same-origin'
    'HTTP_SEC_FETCH_MODE' => 'navigate'
    'HTTP_SEC_FETCH_USER' => '?1'
    'HTTP_SEC_FETCH_DEST' => 'document'
    'HTTP_REFERER' => 'http://localhost/beadando/web/index.php?r=user%2Fcreate'
    'HTTP_ACCEPT_ENCODING' => 'gzip, deflate, br'
    'HTTP_ACCEPT_LANGUAGE' => 'hu-HU,hu;q=0.9,en-US;q=0.8,en;q=0.7'
    'HTTP_COOKIE' => 'Webstorm-1882cdf9=7b855273-55a5-4726-aa40-2b4d3e99cce7; PHPSESSID=4abu21ddc6989kjv9b0c19ip2q; _identity=79cbc3c717a8fc7e7e69b6f08743474df57f9eaf4a33ed64b65c8a3a7990e7ffa%3A2%3A%7Bi%3A0%3Bs%3A9%3A%22_identity%22%3Bi%3A1%3Bs%3A28%3A%22%5B%22100%22%2C%22test100key%22%2C2592000%5D%22%3B%7D; _csrf=94faa16530a345df2280c6881c6e5cfec37653cc6f225ec0a65d182d162e9a42a%3A2%3A%7Bi%3A0%3Bs%3A5%3A%22_csrf%22%3Bi%3A1%3Bs%3A32%3A%22idW_ow-FZw_5f_sveAdkfp7SJmGytqV5%22%3B%7D'
    'PATH' => 'C:\\Program Files (x86)\\Common Files\\Oracle\\Java\\javapath;C:\\Program Files (x86)\\NVIDIA Corporation\\PhysX\\Common;C:\\WINDOWS\\system32;C:\\WINDOWS;C:\\WINDOWS\\System32\\Wbem;C:\\WINDOWS\\System32\\WindowsPowerShell\\v1.0\\;C:\\WINDOWS\\System32\\OpenSSH\\;C:\\Program Files (x86)\\AMD\\ATI.ACE\\Core-Static;C:\\Program Files\\Git\\cmd;C:\\Program Files\\Microsoft SQL Server\\130\\Tools\\Binn\\;C:\\Program Files\\Microsoft SQL Server\\Client SDK\\ODBC\\170\\Tools\\Binn\\;C:\\Program Files\\dotnet\\;C:\\Program Files\\Zulu\\zulu-14\\bin\\;C:\\Program Files\\PuTTY\\;C:\\Program Files\\nodejs\\;C:\\wamp64\\bin\\php\\php7.4.0;C:\\Users\\bharc\\composer.phar;C:\\Users\\bharc\\AppData\\Local\\Microsoft\\WindowsApps;C:\\Users\\bharc\\AppData\\Local\\Programs\\Microsoft VS Code\\bin;C:\\Program Files (x86)\\FAHClient;C:\\Users\\bharc\\AppData\\Local\\atom\\bin;C:\\Users\\bharc\\AppData\\Roaming\\npm;C:\\Users\\bharc\\.dotnet\\tools;C:\\Users\\bharc\\AppData\\Local\\Microsoft\\WindowsApps'
    'SystemRoot' => 'C:\\WINDOWS'
    'COMSPEC' => 'C:\\WINDOWS\\system32\\cmd.exe'
    'PATHEXT' => '.COM;.EXE;.BAT;.CMD;.VBS;.VBE;.JS;.JSE;.WSF;.WSH;.MSC'
    'WINDIR' => 'C:\\WINDOWS'
    'SERVER_SIGNATURE' => '<address>Apache/2.4.46 (Win64) OpenSSL/1.1.1j PHP/7.3.27 Server at localhost Port 80</address>
'
    'SERVER_SOFTWARE' => 'Apache/2.4.46 (Win64) OpenSSL/1.1.1j PHP/7.3.27'
    'SERVER_NAME' => 'localhost'
    'SERVER_ADDR' => '::1'
    'SERVER_PORT' => '80'
    'REMOTE_ADDR' => '::1'
    'DOCUMENT_ROOT' => 'C:/xampp/htdocs'
    'REQUEST_SCHEME' => 'http'
    'CONTEXT_PREFIX' => ''
    'CONTEXT_DOCUMENT_ROOT' => 'C:/xampp/htdocs'
    'SERVER_ADMIN' => 'postmaster@localhost'
    'SCRIPT_FILENAME' => 'C:/xampp/htdocs/beadando/web/index.php'
    'REMOTE_PORT' => '58984'
    'GATEWAY_INTERFACE' => 'CGI/1.1'
    'SERVER_PROTOCOL' => 'HTTP/1.1'
    'REQUEST_METHOD' => 'POST'
    'QUERY_STRING' => 'r=user%2Fcreate'
    'REQUEST_URI' => '/beadando/web/index.php?r=user%2Fcreate'
    'SCRIPT_NAME' => '/beadando/web/index.php'
    'PHP_SELF' => '/beadando/web/index.php'
    'REQUEST_TIME_FLOAT' => 1619549844.4719
    'REQUEST_TIME' => 1619549844
]
2021-04-27 21:15:21 [::1][-][6gor4u3b9nch3j2h6020kh1oia][error][yii\web\HttpException:404] yii\base\InvalidRouteException: Unable to resolve the request: site/singup in C:\xampp\htdocs\beadando\vendor\yiisoft\yii2\base\Controller.php:152
Stack trace:
#0 C:\xampp\htdocs\beadando\vendor\yiisoft\yii2\base\Module.php(534): yii\base\Controller->runAction('singup', Array)
#1 C:\xampp\htdocs\beadando\vendor\yiisoft\yii2\web\Application.php(104): yii\base\Module->runAction('site/singup', Array)
#2 C:\xampp\htdocs\beadando\vendor\yiisoft\yii2\base\Application.php(392): yii\web\Application->handleRequest(Object(yii\web\Request))
#3 C:\xampp\htdocs\beadando\web\index.php(12): yii\base\Application->run()
#4 {main}

Next yii\web\NotFoundHttpException: Az oldal nem található. in C:\xampp\htdocs\beadando\vendor\yiisoft\yii2\web\Application.php:116
Stack trace:
#0 C:\xampp\htdocs\beadando\vendor\yiisoft\yii2\base\Application.php(392): yii\web\Application->handleRequest(Object(yii\web\Request))
#1 C:\xampp\htdocs\beadando\web\index.php(12): yii\base\Application->run()
#2 {main}
2021-04-27 21:15:21 [::1][-][6gor4u3b9nch3j2h6020kh1oia][info][application] $_GET = [
    'r' => 'site/singup'
]

$_POST = []

$_FILES = []

$_COOKIE = [
    'Webstorm-1882cdf9' => '7b855273-55a5-4726-aa40-2b4d3e99cce7'
    '_csrf' => '94faa16530a345df2280c6881c6e5cfec37653cc6f225ec0a65d182d162e9a42a:2:{i:0;s:5:\"_csrf\";i:1;s:32:\"idW_ow-FZw_5f_sveAdkfp7SJmGytqV5\";}'
    'PHPSESSID' => '6gor4u3b9nch3j2h6020kh1oia'
]

$_SESSION = [
    '__flash' => []
]

$_SERVER = [
    'MIBDIRS' => 'C:/xampp/php/extras/mibs'
    'MYSQL_HOME' => '\\xampp\\mysql\\bin'
    'OPENSSL_CONF' => 'C:/xampp/apache/bin/openssl.cnf'
    'PHP_PEAR_SYSCONF_DIR' => '\\xampp\\php'
    'PHPRC' => '\\xampp\\php'
    'TMP' => '\\xampp\\tmp'
    'HTTP_HOST' => 'localhost'
    'HTTP_CONNECTION' => 'keep-alive'
    'HTTP_SEC_CH_UA' => '\"Google Chrome\";v=\"89\", \"Chromium\";v=\"89\", \";Not A Brand\";v=\"99\"'
    'HTTP_SEC_CH_UA_MOBILE' => '?0'
    'HTTP_UPGRADE_INSECURE_REQUESTS' => '1'
    'HTTP_USER_AGENT' => 'Mozilla/5.0 (Windows NT 10.0; Win64; x64) AppleWebKit/537.36 (KHTML, like Gecko) Chrome/89.0.4389.128 Safari/537.36'
    'HTTP_ACCEPT' => 'text/html,application/xhtml+xml,application/xml;q=0.9,image/avif,image/webp,image/apng,*/*;q=0.8,application/signed-exchange;v=b3;q=0.9'
    'HTTP_SEC_FETCH_SITE' => 'none'
    'HTTP_SEC_FETCH_MODE' => 'navigate'
    'HTTP_SEC_FETCH_USER' => '?1'
    'HTTP_SEC_FETCH_DEST' => 'document'
    'HTTP_ACCEPT_ENCODING' => 'gzip, deflate, br'
    'HTTP_ACCEPT_LANGUAGE' => 'hu-HU,hu;q=0.9,en-US;q=0.8,en;q=0.7'
    'HTTP_COOKIE' => 'Webstorm-1882cdf9=7b855273-55a5-4726-aa40-2b4d3e99cce7; _csrf=94faa16530a345df2280c6881c6e5cfec37653cc6f225ec0a65d182d162e9a42a%3A2%3A%7Bi%3A0%3Bs%3A5%3A%22_csrf%22%3Bi%3A1%3Bs%3A32%3A%22idW_ow-FZw_5f_sveAdkfp7SJmGytqV5%22%3B%7D; PHPSESSID=6gor4u3b9nch3j2h6020kh1oia'
    'PATH' => 'C:\\Program Files (x86)\\Common Files\\Oracle\\Java\\javapath;C:\\Program Files (x86)\\NVIDIA Corporation\\PhysX\\Common;C:\\WINDOWS\\system32;C:\\WINDOWS;C:\\WINDOWS\\System32\\Wbem;C:\\WINDOWS\\System32\\WindowsPowerShell\\v1.0\\;C:\\WINDOWS\\System32\\OpenSSH\\;C:\\Program Files (x86)\\AMD\\ATI.ACE\\Core-Static;C:\\Program Files\\Git\\cmd;C:\\Program Files\\Microsoft SQL Server\\130\\Tools\\Binn\\;C:\\Program Files\\Microsoft SQL Server\\Client SDK\\ODBC\\170\\Tools\\Binn\\;C:\\Program Files\\dotnet\\;C:\\Program Files\\Zulu\\zulu-14\\bin\\;C:\\Program Files\\PuTTY\\;C:\\Program Files\\nodejs\\;C:\\wamp64\\bin\\php\\php7.4.0;C:\\Users\\bharc\\composer.phar;C:\\Users\\bharc\\AppData\\Local\\Microsoft\\WindowsApps;C:\\Users\\bharc\\AppData\\Local\\Programs\\Microsoft VS Code\\bin;C:\\Program Files (x86)\\FAHClient;C:\\Users\\bharc\\AppData\\Local\\atom\\bin;C:\\Users\\bharc\\AppData\\Roaming\\npm;C:\\Users\\bharc\\.dotnet\\tools;C:\\Users\\bharc\\AppData\\Local\\Microsoft\\WindowsApps'
    'SystemRoot' => 'C:\\WINDOWS'
    'COMSPEC' => 'C:\\WINDOWS\\system32\\cmd.exe'
    'PATHEXT' => '.COM;.EXE;.BAT;.CMD;.VBS;.VBE;.JS;.JSE;.WSF;.WSH;.MSC'
    'WINDIR' => 'C:\\WINDOWS'
    'SERVER_SIGNATURE' => '<address>Apache/2.4.46 (Win64) OpenSSL/1.1.1j PHP/7.3.27 Server at localhost Port 80</address>
'
    'SERVER_SOFTWARE' => 'Apache/2.4.46 (Win64) OpenSSL/1.1.1j PHP/7.3.27'
    'SERVER_NAME' => 'localhost'
    'SERVER_ADDR' => '::1'
    'SERVER_PORT' => '80'
    'REMOTE_ADDR' => '::1'
    'DOCUMENT_ROOT' => 'C:/xampp/htdocs'
    'REQUEST_SCHEME' => 'http'
    'CONTEXT_PREFIX' => ''
    'CONTEXT_DOCUMENT_ROOT' => 'C:/xampp/htdocs'
    'SERVER_ADMIN' => 'postmaster@localhost'
    'SCRIPT_FILENAME' => 'C:/xampp/htdocs/beadando/web/index.php'
    'REMOTE_PORT' => '60684'
    'GATEWAY_INTERFACE' => 'CGI/1.1'
    'SERVER_PROTOCOL' => 'HTTP/1.1'
    'REQUEST_METHOD' => 'GET'
    'QUERY_STRING' => 'r=site%2Fsingup'
    'REQUEST_URI' => '/beadando/web/index.php?r=site%2Fsingup'
    'SCRIPT_NAME' => '/beadando/web/index.php'
    'PHP_SELF' => '/beadando/web/index.php'
    'REQUEST_TIME_FLOAT' => 1619550920.9993
    'REQUEST_TIME' => 1619550920
]
2021-04-27 21:19:37 [::1][100][sqjp2phqf0776b1b9bl27ssjsb][error][yii\web\HttpException:404] yii\base\InvalidRouteException: Unable to resolve the request: race/user in C:\xampp\htdocs\beadando\vendor\yiisoft\yii2\base\Controller.php:152
Stack trace:
#0 C:\xampp\htdocs\beadando\vendor\yiisoft\yii2\base\Module.php(534): yii\base\Controller->runAction('user', Array)
#1 C:\xampp\htdocs\beadando\vendor\yiisoft\yii2\web\Application.php(104): yii\base\Module->runAction('race/user', Array)
#2 C:\xampp\htdocs\beadando\vendor\yiisoft\yii2\base\Application.php(392): yii\web\Application->handleRequest(Object(yii\web\Request))
#3 C:\xampp\htdocs\beadando\web\index.php(12): yii\base\Application->run()
#4 {main}

Next yii\web\NotFoundHttpException: Az oldal nem található. in C:\xampp\htdocs\beadando\vendor\yiisoft\yii2\web\Application.php:116
Stack trace:
#0 C:\xampp\htdocs\beadando\vendor\yiisoft\yii2\base\Application.php(392): yii\web\Application->handleRequest(Object(yii\web\Request))
#1 C:\xampp\htdocs\beadando\web\index.php(12): yii\base\Application->run()
#2 {main}
2021-04-27 21:19:37 [::1][100][sqjp2phqf0776b1b9bl27ssjsb][info][application] $_GET = [
    'r' => 'race/user'
]

$_POST = []

$_FILES = []

$_COOKIE = [
    'Webstorm-1882cdf9' => '7b855273-55a5-4726-aa40-2b4d3e99cce7'
    'PHPSESSID' => 'sqjp2phqf0776b1b9bl27ssjsb'
    '_identity' => '79cbc3c717a8fc7e7e69b6f08743474df57f9eaf4a33ed64b65c8a3a7990e7ffa:2:{i:0;s:9:\"_identity\";i:1;s:28:\"[\"100\",\"test100key\",2592000]\";}'
    '_csrf' => '8e4015fbbe00e67bfc1b4fb2de046cb64256d0508f86604e248f979c70f5e29aa:2:{i:0;s:5:\"_csrf\";i:1;s:32:\"dZ_hTWQdF-LvCskIg54nOgIjw6b8kyUM\";}'
]

$_SESSION = [
    '__flash' => []
    '__id' => '100'
    '__authKey' => 'test100key'
]

$_SERVER = [
    'MIBDIRS' => 'C:/xampp/php/extras/mibs'
    'MYSQL_HOME' => '\\xampp\\mysql\\bin'
    'OPENSSL_CONF' => 'C:/xampp/apache/bin/openssl.cnf'
    'PHP_PEAR_SYSCONF_DIR' => '\\xampp\\php'
    'PHPRC' => '\\xampp\\php'
    'TMP' => '\\xampp\\tmp'
    'HTTP_HOST' => 'localhost'
    'HTTP_CONNECTION' => 'keep-alive'
    'HTTP_SEC_CH_UA' => '\"Google Chrome\";v=\"89\", \"Chromium\";v=\"89\", \";Not A Brand\";v=\"99\"'
    'HTTP_SEC_CH_UA_MOBILE' => '?0'
    'HTTP_UPGRADE_INSECURE_REQUESTS' => '1'
    'HTTP_USER_AGENT' => 'Mozilla/5.0 (Windows NT 10.0; Win64; x64) AppleWebKit/537.36 (KHTML, like Gecko) Chrome/89.0.4389.128 Safari/537.36'
    'HTTP_ACCEPT' => 'text/html,application/xhtml+xml,application/xml;q=0.9,image/avif,image/webp,image/apng,*/*;q=0.8,application/signed-exchange;v=b3;q=0.9'
    'HTTP_SEC_FETCH_SITE' => 'none'
    'HTTP_SEC_FETCH_MODE' => 'navigate'
    'HTTP_SEC_FETCH_USER' => '?1'
    'HTTP_SEC_FETCH_DEST' => 'document'
    'HTTP_ACCEPT_ENCODING' => 'gzip, deflate, br'
    'HTTP_ACCEPT_LANGUAGE' => 'hu-HU,hu;q=0.9,en-US;q=0.8,en;q=0.7'
    'HTTP_COOKIE' => 'Webstorm-1882cdf9=7b855273-55a5-4726-aa40-2b4d3e99cce7; PHPSESSID=sqjp2phqf0776b1b9bl27ssjsb; _identity=79cbc3c717a8fc7e7e69b6f08743474df57f9eaf4a33ed64b65c8a3a7990e7ffa%3A2%3A%7Bi%3A0%3Bs%3A9%3A%22_identity%22%3Bi%3A1%3Bs%3A28%3A%22%5B%22100%22%2C%22test100key%22%2C2592000%5D%22%3B%7D; _csrf=8e4015fbbe00e67bfc1b4fb2de046cb64256d0508f86604e248f979c70f5e29aa%3A2%3A%7Bi%3A0%3Bs%3A5%3A%22_csrf%22%3Bi%3A1%3Bs%3A32%3A%22dZ_hTWQdF-LvCskIg54nOgIjw6b8kyUM%22%3B%7D'
    'PATH' => 'C:\\Program Files (x86)\\Common Files\\Oracle\\Java\\javapath;C:\\Program Files (x86)\\NVIDIA Corporation\\PhysX\\Common;C:\\WINDOWS\\system32;C:\\WINDOWS;C:\\WINDOWS\\System32\\Wbem;C:\\WINDOWS\\System32\\WindowsPowerShell\\v1.0\\;C:\\WINDOWS\\System32\\OpenSSH\\;C:\\Program Files (x86)\\AMD\\ATI.ACE\\Core-Static;C:\\Program Files\\Git\\cmd;C:\\Program Files\\Microsoft SQL Server\\130\\Tools\\Binn\\;C:\\Program Files\\Microsoft SQL Server\\Client SDK\\ODBC\\170\\Tools\\Binn\\;C:\\Program Files\\dotnet\\;C:\\Program Files\\Zulu\\zulu-14\\bin\\;C:\\Program Files\\PuTTY\\;C:\\Program Files\\nodejs\\;C:\\wamp64\\bin\\php\\php7.4.0;C:\\Users\\bharc\\composer.phar;C:\\Users\\bharc\\AppData\\Local\\Microsoft\\WindowsApps;C:\\Users\\bharc\\AppData\\Local\\Programs\\Microsoft VS Code\\bin;C:\\Program Files (x86)\\FAHClient;C:\\Users\\bharc\\AppData\\Local\\atom\\bin;C:\\Users\\bharc\\AppData\\Roaming\\npm;C:\\Users\\bharc\\.dotnet\\tools;C:\\Users\\bharc\\AppData\\Local\\Microsoft\\WindowsApps'
    'SystemRoot' => 'C:\\WINDOWS'
    'COMSPEC' => 'C:\\WINDOWS\\system32\\cmd.exe'
    'PATHEXT' => '.COM;.EXE;.BAT;.CMD;.VBS;.VBE;.JS;.JSE;.WSF;.WSH;.MSC'
    'WINDIR' => 'C:\\WINDOWS'
    'SERVER_SIGNATURE' => '<address>Apache/2.4.46 (Win64) OpenSSL/1.1.1j PHP/7.3.27 Server at localhost Port 80</address>
'
    'SERVER_SOFTWARE' => 'Apache/2.4.46 (Win64) OpenSSL/1.1.1j PHP/7.3.27'
    'SERVER_NAME' => 'localhost'
    'SERVER_ADDR' => '::1'
    'SERVER_PORT' => '80'
    'REMOTE_ADDR' => '::1'
    'DOCUMENT_ROOT' => 'C:/xampp/htdocs'
    'REQUEST_SCHEME' => 'http'
    'CONTEXT_PREFIX' => ''
    'CONTEXT_DOCUMENT_ROOT' => 'C:/xampp/htdocs'
    'SERVER_ADMIN' => 'postmaster@localhost'
    'SCRIPT_FILENAME' => 'C:/xampp/htdocs/beadando/web/index.php'
    'REMOTE_PORT' => '61004'
    'GATEWAY_INTERFACE' => 'CGI/1.1'
    'SERVER_PROTOCOL' => 'HTTP/1.1'
    'REQUEST_METHOD' => 'GET'
    'QUERY_STRING' => 'r=race%2Fuser'
    'REQUEST_URI' => '/beadando/web/index.php?r=race%2Fuser'
    'SCRIPT_NAME' => '/beadando/web/index.php'
    'PHP_SELF' => '/beadando/web/index.php'
    'REQUEST_TIME_FLOAT' => 1619551177.8452
    'REQUEST_TIME' => 1619551177
]
2021-04-27 21:19:47 [::1][100][sqjp2phqf0776b1b9bl27ssjsb][error][yii\web\HttpException:404] yii\base\InvalidRouteException: Unable to resolve the request: race/users in C:\xampp\htdocs\beadando\vendor\yiisoft\yii2\base\Controller.php:152
Stack trace:
#0 C:\xampp\htdocs\beadando\vendor\yiisoft\yii2\base\Module.php(534): yii\base\Controller->runAction('users', Array)
#1 C:\xampp\htdocs\beadando\vendor\yiisoft\yii2\web\Application.php(104): yii\base\Module->runAction('race/users', Array)
#2 C:\xampp\htdocs\beadando\vendor\yiisoft\yii2\base\Application.php(392): yii\web\Application->handleRequest(Object(yii\web\Request))
#3 C:\xampp\htdocs\beadando\web\index.php(12): yii\base\Application->run()
#4 {main}

Next yii\web\NotFoundHttpException: Az oldal nem található. in C:\xampp\htdocs\beadando\vendor\yiisoft\yii2\web\Application.php:116
Stack trace:
#0 C:\xampp\htdocs\beadando\vendor\yiisoft\yii2\base\Application.php(392): yii\web\Application->handleRequest(Object(yii\web\Request))
#1 C:\xampp\htdocs\beadando\web\index.php(12): yii\base\Application->run()
#2 {main}
2021-04-27 21:19:47 [::1][100][sqjp2phqf0776b1b9bl27ssjsb][info][application] $_GET = [
    'r' => 'race/users'
]

$_POST = []

$_FILES = []

$_COOKIE = [
    'Webstorm-1882cdf9' => '7b855273-55a5-4726-aa40-2b4d3e99cce7'
    'PHPSESSID' => 'sqjp2phqf0776b1b9bl27ssjsb'
    '_identity' => '79cbc3c717a8fc7e7e69b6f08743474df57f9eaf4a33ed64b65c8a3a7990e7ffa:2:{i:0;s:9:\"_identity\";i:1;s:28:\"[\"100\",\"test100key\",2592000]\";}'
    '_csrf' => '8e4015fbbe00e67bfc1b4fb2de046cb64256d0508f86604e248f979c70f5e29aa:2:{i:0;s:5:\"_csrf\";i:1;s:32:\"dZ_hTWQdF-LvCskIg54nOgIjw6b8kyUM\";}'
]

$_SESSION = [
    '__flash' => []
    '__id' => '100'
    '__authKey' => 'test100key'
]

$_SERVER = [
    'MIBDIRS' => 'C:/xampp/php/extras/mibs'
    'MYSQL_HOME' => '\\xampp\\mysql\\bin'
    'OPENSSL_CONF' => 'C:/xampp/apache/bin/openssl.cnf'
    'PHP_PEAR_SYSCONF_DIR' => '\\xampp\\php'
    'PHPRC' => '\\xampp\\php'
    'TMP' => '\\xampp\\tmp'
    'HTTP_HOST' => 'localhost'
    'HTTP_CONNECTION' => 'keep-alive'
    'HTTP_SEC_CH_UA' => '\"Google Chrome\";v=\"89\", \"Chromium\";v=\"89\", \";Not A Brand\";v=\"99\"'
    'HTTP_SEC_CH_UA_MOBILE' => '?0'
    'HTTP_UPGRADE_INSECURE_REQUESTS' => '1'
    'HTTP_USER_AGENT' => 'Mozilla/5.0 (Windows NT 10.0; Win64; x64) AppleWebKit/537.36 (KHTML, like Gecko) Chrome/89.0.4389.128 Safari/537.36'
    'HTTP_ACCEPT' => 'text/html,application/xhtml+xml,application/xml;q=0.9,image/avif,image/webp,image/apng,*/*;q=0.8,application/signed-exchange;v=b3;q=0.9'
    'HTTP_SEC_FETCH_SITE' => 'none'
    'HTTP_SEC_FETCH_MODE' => 'navigate'
    'HTTP_SEC_FETCH_USER' => '?1'
    'HTTP_SEC_FETCH_DEST' => 'document'
    'HTTP_ACCEPT_ENCODING' => 'gzip, deflate, br'
    'HTTP_ACCEPT_LANGUAGE' => 'hu-HU,hu;q=0.9,en-US;q=0.8,en;q=0.7'
    'HTTP_COOKIE' => 'Webstorm-1882cdf9=7b855273-55a5-4726-aa40-2b4d3e99cce7; PHPSESSID=sqjp2phqf0776b1b9bl27ssjsb; _identity=79cbc3c717a8fc7e7e69b6f08743474df57f9eaf4a33ed64b65c8a3a7990e7ffa%3A2%3A%7Bi%3A0%3Bs%3A9%3A%22_identity%22%3Bi%3A1%3Bs%3A28%3A%22%5B%22100%22%2C%22test100key%22%2C2592000%5D%22%3B%7D; _csrf=8e4015fbbe00e67bfc1b4fb2de046cb64256d0508f86604e248f979c70f5e29aa%3A2%3A%7Bi%3A0%3Bs%3A5%3A%22_csrf%22%3Bi%3A1%3Bs%3A32%3A%22dZ_hTWQdF-LvCskIg54nOgIjw6b8kyUM%22%3B%7D'
    'PATH' => 'C:\\Program Files (x86)\\Common Files\\Oracle\\Java\\javapath;C:\\Program Files (x86)\\NVIDIA Corporation\\PhysX\\Common;C:\\WINDOWS\\system32;C:\\WINDOWS;C:\\WINDOWS\\System32\\Wbem;C:\\WINDOWS\\System32\\WindowsPowerShell\\v1.0\\;C:\\WINDOWS\\System32\\OpenSSH\\;C:\\Program Files (x86)\\AMD\\ATI.ACE\\Core-Static;C:\\Program Files\\Git\\cmd;C:\\Program Files\\Microsoft SQL Server\\130\\Tools\\Binn\\;C:\\Program Files\\Microsoft SQL Server\\Client SDK\\ODBC\\170\\Tools\\Binn\\;C:\\Program Files\\dotnet\\;C:\\Program Files\\Zulu\\zulu-14\\bin\\;C:\\Program Files\\PuTTY\\;C:\\Program Files\\nodejs\\;C:\\wamp64\\bin\\php\\php7.4.0;C:\\Users\\bharc\\composer.phar;C:\\Users\\bharc\\AppData\\Local\\Microsoft\\WindowsApps;C:\\Users\\bharc\\AppData\\Local\\Programs\\Microsoft VS Code\\bin;C:\\Program Files (x86)\\FAHClient;C:\\Users\\bharc\\AppData\\Local\\atom\\bin;C:\\Users\\bharc\\AppData\\Roaming\\npm;C:\\Users\\bharc\\.dotnet\\tools;C:\\Users\\bharc\\AppData\\Local\\Microsoft\\WindowsApps'
    'SystemRoot' => 'C:\\WINDOWS'
    'COMSPEC' => 'C:\\WINDOWS\\system32\\cmd.exe'
    'PATHEXT' => '.COM;.EXE;.BAT;.CMD;.VBS;.VBE;.JS;.JSE;.WSF;.WSH;.MSC'
    'WINDIR' => 'C:\\WINDOWS'
    'SERVER_SIGNATURE' => '<address>Apache/2.4.46 (Win64) OpenSSL/1.1.1j PHP/7.3.27 Server at localhost Port 80</address>
'
    'SERVER_SOFTWARE' => 'Apache/2.4.46 (Win64) OpenSSL/1.1.1j PHP/7.3.27'
    'SERVER_NAME' => 'localhost'
    'SERVER_ADDR' => '::1'
    'SERVER_PORT' => '80'
    'REMOTE_ADDR' => '::1'
    'DOCUMENT_ROOT' => 'C:/xampp/htdocs'
    'REQUEST_SCHEME' => 'http'
    'CONTEXT_PREFIX' => ''
    'CONTEXT_DOCUMENT_ROOT' => 'C:/xampp/htdocs'
    'SERVER_ADMIN' => 'postmaster@localhost'
    'SCRIPT_FILENAME' => 'C:/xampp/htdocs/beadando/web/index.php'
    'REMOTE_PORT' => '61016'
    'GATEWAY_INTERFACE' => 'CGI/1.1'
    'SERVER_PROTOCOL' => 'HTTP/1.1'
    'REQUEST_METHOD' => 'GET'
    'QUERY_STRING' => 'r=race%2Fusers'
    'REQUEST_URI' => '/beadando/web/index.php?r=race%2Fusers'
    'SCRIPT_NAME' => '/beadando/web/index.php'
    'PHP_SELF' => '/beadando/web/index.php'
    'REQUEST_TIME_FLOAT' => 1619551187.5605
    'REQUEST_TIME' => 1619551187
]
2021-04-27 21:20:14 [::1][100][sqjp2phqf0776b1b9bl27ssjsb][error][Error] Error: Call to a member function generateAuthKey() on null in C:\xampp\htdocs\beadando\controllers\UserController.php:76
Stack trace:
#0 [internal function]: app\controllers\UserController->actionCreate()
#1 C:\xampp\htdocs\beadando\vendor\yiisoft\yii2\base\InlineAction.php(57): call_user_func_array(Array, Array)
#2 C:\xampp\htdocs\beadando\vendor\yiisoft\yii2\base\Controller.php(181): yii\base\InlineAction->runWithParams(Array)
#3 C:\xampp\htdocs\beadando\vendor\yiisoft\yii2\base\Module.php(534): yii\base\Controller->runAction('create', Array)
#4 C:\xampp\htdocs\beadando\vendor\yiisoft\yii2\web\Application.php(104): yii\base\Module->runAction('user/create', Array)
#5 C:\xampp\htdocs\beadando\vendor\yiisoft\yii2\base\Application.php(392): yii\web\Application->handleRequest(Object(yii\web\Request))
#6 C:\xampp\htdocs\beadando\web\index.php(12): yii\base\Application->run()
#7 {main}
2021-04-27 21:20:13 [::1][100][sqjp2phqf0776b1b9bl27ssjsb][info][application] $_GET = [
    'r' => 'user/create'
]

$_POST = [
    '_csrf' => 'cZTTRsZXQhsF24Pelv0XCC3SsnAKbECoZDovngTpimoVzowukgATf0P2z6jVjnxBSueGHkULCcITDE2mb5DfJw=='
    'User2' => [
        'email' => 'asdasd@asd.asd'
        'password' => 'asd'
        'full_name' => 'asd'
        'username' => 'asd12'
    ]
]

$_FILES = []

$_COOKIE = [
    'Webstorm-1882cdf9' => '7b855273-55a5-4726-aa40-2b4d3e99cce7'
    'PHPSESSID' => 'sqjp2phqf0776b1b9bl27ssjsb'
    '_identity' => '79cbc3c717a8fc7e7e69b6f08743474df57f9eaf4a33ed64b65c8a3a7990e7ffa:2:{i:0;s:9:\"_identity\";i:1;s:28:\"[\"100\",\"test100key\",2592000]\";}'
    '_csrf' => '8e4015fbbe00e67bfc1b4fb2de046cb64256d0508f86604e248f979c70f5e29aa:2:{i:0;s:5:\"_csrf\";i:1;s:32:\"dZ_hTWQdF-LvCskIg54nOgIjw6b8kyUM\";}'
]

$_SESSION = [
    '__flash' => []
    '__id' => '100'
    '__authKey' => 'test100key'
]

$_SERVER = [
    'MIBDIRS' => 'C:/xampp/php/extras/mibs'
    'MYSQL_HOME' => '\\xampp\\mysql\\bin'
    'OPENSSL_CONF' => 'C:/xampp/apache/bin/openssl.cnf'
    'PHP_PEAR_SYSCONF_DIR' => '\\xampp\\php'
    'PHPRC' => '\\xampp\\php'
    'TMP' => '\\xampp\\tmp'
    'HTTP_HOST' => 'localhost'
    'HTTP_CONNECTION' => 'keep-alive'
    'CONTENT_LENGTH' => '207'
    'HTTP_CACHE_CONTROL' => 'max-age=0'
    'HTTP_SEC_CH_UA' => '\"Google Chrome\";v=\"89\", \"Chromium\";v=\"89\", \";Not A Brand\";v=\"99\"'
    'HTTP_SEC_CH_UA_MOBILE' => '?0'
    'HTTP_UPGRADE_INSECURE_REQUESTS' => '1'
    'HTTP_ORIGIN' => 'http://localhost'
    'CONTENT_TYPE' => 'application/x-www-form-urlencoded'
    'HTTP_USER_AGENT' => 'Mozilla/5.0 (Windows NT 10.0; Win64; x64) AppleWebKit/537.36 (KHTML, like Gecko) Chrome/89.0.4389.128 Safari/537.36'
    'HTTP_ACCEPT' => 'text/html,application/xhtml+xml,application/xml;q=0.9,image/avif,image/webp,image/apng,*/*;q=0.8,application/signed-exchange;v=b3;q=0.9'
    'HTTP_SEC_FETCH_SITE' => 'same-origin'
    'HTTP_SEC_FETCH_MODE' => 'navigate'
    'HTTP_SEC_FETCH_USER' => '?1'
    'HTTP_SEC_FETCH_DEST' => 'document'
    'HTTP_REFERER' => 'http://localhost/beadando/web/index.php?r=user%2Fcreate'
    'HTTP_ACCEPT_ENCODING' => 'gzip, deflate, br'
    'HTTP_ACCEPT_LANGUAGE' => 'hu-HU,hu;q=0.9,en-US;q=0.8,en;q=0.7'
    'HTTP_COOKIE' => 'Webstorm-1882cdf9=7b855273-55a5-4726-aa40-2b4d3e99cce7; PHPSESSID=sqjp2phqf0776b1b9bl27ssjsb; _identity=79cbc3c717a8fc7e7e69b6f08743474df57f9eaf4a33ed64b65c8a3a7990e7ffa%3A2%3A%7Bi%3A0%3Bs%3A9%3A%22_identity%22%3Bi%3A1%3Bs%3A28%3A%22%5B%22100%22%2C%22test100key%22%2C2592000%5D%22%3B%7D; _csrf=8e4015fbbe00e67bfc1b4fb2de046cb64256d0508f86604e248f979c70f5e29aa%3A2%3A%7Bi%3A0%3Bs%3A5%3A%22_csrf%22%3Bi%3A1%3Bs%3A32%3A%22dZ_hTWQdF-LvCskIg54nOgIjw6b8kyUM%22%3B%7D'
    'PATH' => 'C:\\Program Files (x86)\\Common Files\\Oracle\\Java\\javapath;C:\\Program Files (x86)\\NVIDIA Corporation\\PhysX\\Common;C:\\WINDOWS\\system32;C:\\WINDOWS;C:\\WINDOWS\\System32\\Wbem;C:\\WINDOWS\\System32\\WindowsPowerShell\\v1.0\\;C:\\WINDOWS\\System32\\OpenSSH\\;C:\\Program Files (x86)\\AMD\\ATI.ACE\\Core-Static;C:\\Program Files\\Git\\cmd;C:\\Program Files\\Microsoft SQL Server\\130\\Tools\\Binn\\;C:\\Program Files\\Microsoft SQL Server\\Client SDK\\ODBC\\170\\Tools\\Binn\\;C:\\Program Files\\dotnet\\;C:\\Program Files\\Zulu\\zulu-14\\bin\\;C:\\Program Files\\PuTTY\\;C:\\Program Files\\nodejs\\;C:\\wamp64\\bin\\php\\php7.4.0;C:\\Users\\bharc\\composer.phar;C:\\Users\\bharc\\AppData\\Local\\Microsoft\\WindowsApps;C:\\Users\\bharc\\AppData\\Local\\Programs\\Microsoft VS Code\\bin;C:\\Program Files (x86)\\FAHClient;C:\\Users\\bharc\\AppData\\Local\\atom\\bin;C:\\Users\\bharc\\AppData\\Roaming\\npm;C:\\Users\\bharc\\.dotnet\\tools;C:\\Users\\bharc\\AppData\\Local\\Microsoft\\WindowsApps'
    'SystemRoot' => 'C:\\WINDOWS'
    'COMSPEC' => 'C:\\WINDOWS\\system32\\cmd.exe'
    'PATHEXT' => '.COM;.EXE;.BAT;.CMD;.VBS;.VBE;.JS;.JSE;.WSF;.WSH;.MSC'
    'WINDIR' => 'C:\\WINDOWS'
    'SERVER_SIGNATURE' => '<address>Apache/2.4.46 (Win64) OpenSSL/1.1.1j PHP/7.3.27 Server at localhost Port 80</address>
'
    'SERVER_SOFTWARE' => 'Apache/2.4.46 (Win64) OpenSSL/1.1.1j PHP/7.3.27'
    'SERVER_NAME' => 'localhost'
    'SERVER_ADDR' => '::1'
    'SERVER_PORT' => '80'
    'REMOTE_ADDR' => '::1'
    'DOCUMENT_ROOT' => 'C:/xampp/htdocs'
    'REQUEST_SCHEME' => 'http'
    'CONTEXT_PREFIX' => ''
    'CONTEXT_DOCUMENT_ROOT' => 'C:/xampp/htdocs'
    'SERVER_ADMIN' => 'postmaster@localhost'
    'SCRIPT_FILENAME' => 'C:/xampp/htdocs/beadando/web/index.php'
    'REMOTE_PORT' => '61050'
    'GATEWAY_INTERFACE' => 'CGI/1.1'
    'SERVER_PROTOCOL' => 'HTTP/1.1'
    'REQUEST_METHOD' => 'POST'
    'QUERY_STRING' => 'r=user%2Fcreate'
    'REQUEST_URI' => '/beadando/web/index.php?r=user%2Fcreate'
    'SCRIPT_NAME' => '/beadando/web/index.php'
    'PHP_SELF' => '/beadando/web/index.php'
    'REQUEST_TIME_FLOAT' => 1619551213.8148
    'REQUEST_TIME' => 1619551213
]
